<?xml version="1.0" encoding="UTF-8"?>
<!-- Generated by org.testng.reporters.JUnitReportReporter -->
<testsuite hostname="Nikhil19" failures="0" tests="2" name="TestCases.SignUp_Test" time="3.666" errors="0" timestamp="2022-07-10T19:24:56 IST" skipped="0">
  <testcase classname="TestCases.SignUp_Test" name="signup" time="2.162"/>
  <system-out/>
  <testcase classname="TestCases.SignUp_Test" name="contiune" time="1.504"/>
  <system-out/>
</testsuite> <!-- TestCases.SignUp_Test -->
